<?xml version="1.0" encoding="UTF-8"?>
<testng-results skipped="0" failed="0" total="1" passed="1">
  <reporter-output>
  </reporter-output>
  <suite name="Default suite" duration-ms="30" started-at="2019-07-29T16:59:43Z" finished-at="2019-07-29T16:59:43Z">
    <groups>
    </groups>
    <test name="Default test" duration-ms="30" started-at="2019-07-29T16:59:43Z" finished-at="2019-07-29T16:59:43Z">
      <class name="mav2.NewTest">
        <test-method status="PASS" signature="f()[pri:0, instance:mav2.NewTest@3aa9e816]" name="f" duration-ms="20" started-at="2019-07-29T22:29:43Z" finished-at="2019-07-29T22:29:43Z">
          <reporter-output>
          </reporter-output>
        </test-method> <!-- f -->
      </class> <!-- mav2.NewTest -->
    </test> <!-- Default test -->
  </suite> <!-- Default suite -->
</testng-results>
